Using pre-set license
Built from '2020.3/staging' branch; Version is '2020.3.16f1 (049d6eca3c44) revision 302446'; Using compiler version '192528614'; Build Type 'Release'
OS: 'Windows 10 Pro; OS build 19043.1110; Version 2009; 64bit' Language: 'en' Physical Memory: 16323 MB
BatchMode: 1, IsHumanControllingUs: 0, StartBugReporterOnCrash: 0, Is64bit: 1, IsPro: 0

 COMMAND LINE ARGUMENTS:
C:\DevTools\Unity\Editor\2020.3.16f1\Editor\Unity.exe
-adb2
-batchMode
-noUpm
-name
AssetImportWorker0
-projectPath
D:/Projects/Training/4.Unity/SpaceInvaders3D
-logFile
Logs/AssetImportWorker0.log
-srvPort
64236
Successfully changed project path to: D:/Projects/Training/4.Unity/SpaceInvaders3D
D:/Projects/Training/4.Unity/SpaceInvaders3D
Using Asset Import Pipeline V2.
Refreshing native plugins compatible for Editor in 27.91 ms, found 2 plugins.
Preloading 0 native plugins for Editor in 0.00 ms.
Initialize engine version: 2020.3.16f1 (049d6eca3c44)
[Subsystems] Discovering subsystems at path C:/DevTools/Unity/Editor/2020.3.16f1/Editor/Data/Resources/UnitySubsystems
[Subsystems] Discovering subsystems at path D:/Projects/Training/4.Unity/SpaceInvaders3D/Assets
GfxDevice: creating device client; threaded=0
Direct3D:
    Version:  Direct3D 11.0 [level 11.0]
    Renderer: NVIDIA GeForce GTX 645 (ID=0x11c4)
    Vendor:   
    VRAM:     984 MB
    Driver:   27.21.14.5671
Initialize mono
Mono path[0] = 'C:/DevTools/Unity/Editor/2020.3.16f1/Editor/Data/Managed'
Mono path[1] = 'C:/DevTools/Unity/Editor/2020.3.16f1/Editor/Data/MonoBleedingEdge/lib/mono/unityjit'
Mono config path = 'C:/DevTools/Unity/Editor/2020.3.16f1/Editor/Data/MonoBleedingEdge/etc'
Using monoOptions --debugger-agent=transport=dt_socket,embedding=1,server=y,suspend=n,address=127.0.0.1:56312
Begin MonoManager ReloadAssembly
Registering precompiled unity dll's ...
Register platform support module: C:/DevTools/Unity/Editor/2020.3.16f1/Editor/Data/PlaybackEngines/WebGLSupport/UnityEditor.WebGL.Extensions.dll
Register platform support module: C:/DevTools/Unity/Editor/2020.3.16f1/Editor/Data/PlaybackEngines/WindowsStandaloneSupport/UnityEditor.WindowsStandalone.Extensions.dll
Registered in 0.002114 seconds.
Native extension for WindowsStandalone target not found
Native extension for WebGL target not found
Refreshing native plugins compatible for Editor in 29.65 ms, found 2 plugins.
Preloading 0 native plugins for Editor in 0.00 ms.
Mono: successfully reloaded assembly
- Completed reload, in  1.109 seconds
Domain Reload Profiling:
	ReloadAssembly (1109ms)
		BeginReloadAssembly (53ms)
			ExecutionOrderSort (0ms)
			DisableScriptedObjects (0ms)
			BackupInstance (0ms)
			ReleaseScriptingObjects (0ms)
			CreateAndSetChildDomain (1ms)
		EndReloadAssembly (448ms)
			LoadAssemblies (51ms)
			RebuildTransferFunctionScriptingTraits (0ms)
			SetupTypeCache (153ms)
			ReleaseScriptCaches (0ms)
			RebuildScriptCaches (72ms)
			SetupLoadedEditorAssemblies (161ms)
				LogAssemblyErrors (0ms)
				InitializePlatformSupportModulesInManaged (6ms)
				SetLoadedEditorAssemblies (0ms)
				RefreshPlugins (30ms)
				BeforeProcessingInitializeOnLoad (10ms)
				ProcessInitializeOnLoadAttributes (84ms)
				ProcessInitializeOnLoadMethodAttributes (30ms)
				AfterProcessingInitializeOnLoad (0ms)
				EditorAssembliesLoaded (0ms)
			ExecutionOrderSort2 (0ms)
			AwakeInstancesAfterBackupRestoration (0ms)
Platform modules already initialized, skipping
Registering precompiled user dll's ...
Registered in 0.002558 seconds.
Begin MonoManager ReloadAssembly
Native extension for WindowsStandalone target not found
Native extension for WebGL target not found
Refreshing native plugins compatible for Editor in 0.34 ms, found 2 plugins.
Preloading 0 native plugins for Editor in 0.00 ms.
Mono: successfully reloaded assembly
- Completed reload, in  1.074 seconds
Domain Reload Profiling:
	ReloadAssembly (1075ms)
		BeginReloadAssembly (151ms)
			ExecutionOrderSort (0ms)
			DisableScriptedObjects (5ms)
			BackupInstance (0ms)
			ReleaseScriptingObjects (0ms)
			CreateAndSetChildDomain (21ms)
		EndReloadAssembly (859ms)
			LoadAssemblies (84ms)
			RebuildTransferFunctionScriptingTraits (0ms)
			SetupTypeCache (280ms)
			ReleaseScriptCaches (0ms)
			RebuildScriptCaches (42ms)
			SetupLoadedEditorAssemblies (357ms)
				LogAssemblyErrors (0ms)
				InitializePlatformSupportModulesInManaged (6ms)
				SetLoadedEditorAssemblies (0ms)
				RefreshPlugins (0ms)
				BeforeProcessingInitializeOnLoad (53ms)
				ProcessInitializeOnLoadAttributes (288ms)
				ProcessInitializeOnLoadMethodAttributes (4ms)
				AfterProcessingInitializeOnLoad (6ms)
				EditorAssembliesLoaded (0ms)
			ExecutionOrderSort2 (0ms)
			AwakeInstancesAfterBackupRestoration (6ms)
Platform modules already initialized, skipping
========================================================================
Worker process is ready to serve import requests
Launched and connected shader compiler UnityShaderCompiler.exe after 0.07 seconds
Refreshing native plugins compatible for Editor in 0.34 ms, found 2 plugins.
Preloading 0 native plugins for Editor in 0.00 ms.
Unloading 1397 Unused Serialized files (Serialized files now loaded: 0)
System memory in use before: 64.8 MB.
System memory in use after: 64.9 MB.

Unloading 18 unused Assets to reduce memory usage. Loaded Objects now: 1830.
Total: 3.973400 ms (FindLiveObjects: 0.197300 ms CreateObjectMapping: 0.096600 ms MarkObjects: 3.582100 ms  DeleteObjects: 0.095800 ms)

AssetImportParameters requested are different than current active one (requested -> active):
  custom:framework-win-MediaFoundation: 216162199b28c13a410421893ffa2e32 -> 
  custom:video-decoder-ogg-theora: a1e56fd34408186e4bbccfd4996cb3dc -> 
  custom:container-muxer-webm: aa71ff27fc2769a1b78a27578f13a17b -> 
  custom:container-demuxer-webm: 4f35f7cbe854078d1ac9338744f61a02 -> 
  custom:container-demuxer-ogg: 62fdf1f143b41e24485cea50d1cbac27 -> 
  custom:video-encoder-webm-vp8: eb34c28f22e8b96e1ab97ce403110664 -> 
  custom:video-decoder-webm-vp8: 9c59270c3fd7afecdb556c50c9e8de78 -> 
  custom:audio-decoder-ogg-vorbis: bf7c407c2cedff20999df2af8eb42d56 -> 
  custom:audio-encoder-webm-vorbis: bf7c407c2cedff20999df2af8eb42d56 -> 
========================================================================
Received Import Request.
  path: Assets/Scenes/SampleScene.unity
  artifactKey: Guid(9fc0d4010bbf28b4594072e72b8655ab) Importer(815301076,1909f56bfc062723c751e8b465ee728b)
Start importing Assets/Scenes/SampleScene.unity using Guid(9fc0d4010bbf28b4594072e72b8655ab) Importer(815301076,1909f56bfc062723c751e8b465ee728b)  -> (artifact id: '85059f4f9e1a832ed95adaa0d25c5c4c') in 0.016735 seconds 
  Import took 0.019373 seconds .

========================================================================
Received Import Request.
  Time since last request: 67.484921 seconds.
  path: Assets/Scenes/SampleScene.unity
  artifactKey: Guid(9fc0d4010bbf28b4594072e72b8655ab) Importer(815301076,1909f56bfc062723c751e8b465ee728b)
Start importing Assets/Scenes/SampleScene.unity using Guid(9fc0d4010bbf28b4594072e72b8655ab) Importer(815301076,1909f56bfc062723c751e8b465ee728b)  -> (artifact id: '1b4a7dc5fb0c1d35267e671c0c3b4b1c') in 0.002892 seconds 
  Import took 0.007165 seconds .

========================================================================
Received Import Request.
  Time since last request: 0.002100 seconds.
  path: Assets/Scenes/SampleScene.unity
  artifactKey: Guid(9fc0d4010bbf28b4594072e72b8655ab) Importer(815301076,1909f56bfc062723c751e8b465ee728b)
Start importing Assets/Scenes/SampleScene.unity using Guid(9fc0d4010bbf28b4594072e72b8655ab) Importer(815301076,1909f56bfc062723c751e8b465ee728b)  -> (artifact id: '1b4a7dc5fb0c1d35267e671c0c3b4b1c') in 0.001978 seconds 
  Import took 0.005316 seconds .

========================================================================
Received Import Request.
  Time since last request: 13.179657 seconds.
  path: Assets/Scenes/SpaceInvaders3D.unity
  artifactKey: Guid(9fc0d4010bbf28b4594072e72b8655ab) Importer(815301076,1909f56bfc062723c751e8b465ee728b)
Start importing Assets/Scenes/SpaceInvaders3D.unity using Guid(9fc0d4010bbf28b4594072e72b8655ab) Importer(815301076,1909f56bfc062723c751e8b465ee728b)  -> (artifact id: '47e7fd7a20213f0f7a5110447ef33daf') in 0.007392 seconds 
  Import took 0.010103 seconds .

========================================================================
Received Import Request.
  Time since last request: 0.002512 seconds.
  path: Assets/Scenes/SpaceInvaders3D.unity
  artifactKey: Guid(9fc0d4010bbf28b4594072e72b8655ab) Importer(815301076,1909f56bfc062723c751e8b465ee728b)
Start importing Assets/Scenes/SpaceInvaders3D.unity using Guid(9fc0d4010bbf28b4594072e72b8655ab) Importer(815301076,1909f56bfc062723c751e8b465ee728b)  -> (artifact id: '47e7fd7a20213f0f7a5110447ef33daf') in 0.002180 seconds 
  Import took 0.005133 seconds .

========================================================================
Received Import Request.
  Time since last request: 138.433587 seconds.
  path: Assets/Scenes/GameScreen.unity
  artifactKey: Guid(9fc0d4010bbf28b4594072e72b8655ab) Importer(815301076,1909f56bfc062723c751e8b465ee728b)
Start importing Assets/Scenes/GameScreen.unity using Guid(9fc0d4010bbf28b4594072e72b8655ab) Importer(815301076,1909f56bfc062723c751e8b465ee728b)  -> (artifact id: '458d980d476e37aeed14d70c0d6a8789') in 0.007822 seconds 
  Import took 0.010807 seconds .

========================================================================
Received Import Request.
  Time since last request: 0.000791 seconds.
  path: Assets/Scenes/GameScreen.unity
  artifactKey: Guid(9fc0d4010bbf28b4594072e72b8655ab) Importer(815301076,1909f56bfc062723c751e8b465ee728b)
Start importing Assets/Scenes/GameScreen.unity using Guid(9fc0d4010bbf28b4594072e72b8655ab) Importer(815301076,1909f56bfc062723c751e8b465ee728b)  -> (artifact id: '458d980d476e37aeed14d70c0d6a8789') in 0.001941 seconds 
  Import took 0.004442 seconds .

========================================================================
Received Import Request.
  Time since last request: 66.566475 seconds.
  path: Assets/Scenes/SplashScreen.unity
  artifactKey: Guid(e6bafb72b9b494748b3ad09bee4e92b4) Importer(815301076,1909f56bfc062723c751e8b465ee728b)
Start importing Assets/Scenes/SplashScreen.unity using Guid(e6bafb72b9b494748b3ad09bee4e92b4) Importer(815301076,1909f56bfc062723c751e8b465ee728b)  -> (artifact id: '505507ce34a2ad86e9d1cd57df1d0f9b') in 0.006894 seconds 
  Import took 0.009851 seconds .

========================================================================
Received Import Request.
  Time since last request: 1026.529723 seconds.
  path: Assets/Scenes/CreditsScreen.unity
  artifactKey: Guid(3f19569192f04054091a30fb999f757b) Importer(815301076,1909f56bfc062723c751e8b465ee728b)
Start importing Assets/Scenes/CreditsScreen.unity using Guid(3f19569192f04054091a30fb999f757b) Importer(815301076,1909f56bfc062723c751e8b465ee728b)  -> (artifact id: 'ef18c11801ecd6494dd6c9f7c015a386') in 0.007826 seconds 
  Import took 0.010831 seconds .

========================================================================
Received Import Request.
  Time since last request: 18.610896 seconds.
  path: Assets/Scenes/SCR_Credits.unity
  artifactKey: Guid(3f19569192f04054091a30fb999f757b) Importer(815301076,1909f56bfc062723c751e8b465ee728b)
Start importing Assets/Scenes/SCR_Credits.unity using Guid(3f19569192f04054091a30fb999f757b) Importer(815301076,1909f56bfc062723c751e8b465ee728b)  -> (artifact id: '0ec41b3a1c3ed61d0bcb0b1417e004dd') in 0.006940 seconds 
  Import took 0.009822 seconds .

========================================================================
Received Import Request.
  Time since last request: 1.192456 seconds.
  path: Assets/Scenes/EndScreen.unity
  artifactKey: Guid(c86fe068e03aeef4499acfeaaedf6323) Importer(815301076,1909f56bfc062723c751e8b465ee728b)
Start importing Assets/Scenes/EndScreen.unity using Guid(c86fe068e03aeef4499acfeaaedf6323) Importer(815301076,1909f56bfc062723c751e8b465ee728b)  -> (artifact id: 'ca736c749273d7f75620e1ec8901e301') in 0.009781 seconds 
  Import took 0.013622 seconds .

========================================================================
Received Import Request.
  Time since last request: 6.975007 seconds.
  path: Assets/Scenes/SCR_End.unity
  artifactKey: Guid(c86fe068e03aeef4499acfeaaedf6323) Importer(815301076,1909f56bfc062723c751e8b465ee728b)
Start importing Assets/Scenes/SCR_End.unity using Guid(c86fe068e03aeef4499acfeaaedf6323) Importer(815301076,1909f56bfc062723c751e8b465ee728b)  -> (artifact id: 'c19cb1946f248cee7b199d97cc49fb93') in 0.007506 seconds 
  Import took 0.010254 seconds .

========================================================================
Received Import Request.
  Time since last request: 20.731160 seconds.
  path: Assets/Scenes/SCR_Gameplay.unity
  artifactKey: Guid(9fc0d4010bbf28b4594072e72b8655ab) Importer(815301076,1909f56bfc062723c751e8b465ee728b)
Start importing Assets/Scenes/SCR_Gameplay.unity using Guid(9fc0d4010bbf28b4594072e72b8655ab) Importer(815301076,1909f56bfc062723c751e8b465ee728b)  -> (artifact id: '9cf7e3156d856fb4c379e24737258d20') in 0.006628 seconds 
  Import took 0.009922 seconds .

========================================================================
Received Import Request.
  Time since last request: 5.505024 seconds.
  path: Assets/Scenes/SCR_Gameplay.unity
  artifactKey: Guid(9fc0d4010bbf28b4594072e72b8655ab) Importer(815301076,1909f56bfc062723c751e8b465ee728b)
Start importing Assets/Scenes/SCR_Gameplay.unity using Guid(9fc0d4010bbf28b4594072e72b8655ab) Importer(815301076,1909f56bfc062723c751e8b465ee728b)  -> (artifact id: 'bb864f14945fd335e23c08ac578431c5') in 0.002832 seconds 
  Import took 0.006251 seconds .

========================================================================
Received Import Request.
  Time since last request: 1.739308 seconds.
  path: Assets/Scenes/SelectorScreen.unity
  artifactKey: Guid(b1bf59fb9e1428049bf0794c1553e3da) Importer(815301076,1909f56bfc062723c751e8b465ee728b)
Start importing Assets/Scenes/SelectorScreen.unity using Guid(b1bf59fb9e1428049bf0794c1553e3da) Importer(815301076,1909f56bfc062723c751e8b465ee728b)  -> (artifact id: '3d921e315ba775785217987be32ff835') in 0.006009 seconds 
  Import took 0.008701 seconds .

========================================================================
Received Import Request.
  Time since last request: 8.599217 seconds.
  path: Assets/Scenes/SCR_Title.unity
  artifactKey: Guid(b1bf59fb9e1428049bf0794c1553e3da) Importer(815301076,1909f56bfc062723c751e8b465ee728b)
Start importing Assets/Scenes/SCR_Title.unity using Guid(b1bf59fb9e1428049bf0794c1553e3da) Importer(815301076,1909f56bfc062723c751e8b465ee728b)  -> (artifact id: 'f263a29ce141a791616a07def5beddbc') in 0.009011 seconds 
  Import took 0.011630 seconds .

========================================================================
Received Import Request.
  Time since last request: 6.159371 seconds.
  path: Assets/Scenes/SCR_Splash.unity
  artifactKey: Guid(e6bafb72b9b494748b3ad09bee4e92b4) Importer(815301076,1909f56bfc062723c751e8b465ee728b)
Start importing Assets/Scenes/SCR_Splash.unity using Guid(e6bafb72b9b494748b3ad09bee4e92b4) Importer(815301076,1909f56bfc062723c751e8b465ee728b)  -> (artifact id: '10d50656a97b25a4041ca7b508f8a2c1') in 0.006475 seconds 
  Import took 0.009227 seconds .

AssetImportWorkerClient::OnTransportError - code=2 error=End of file
